platforms/android/app/build/intermediates/manifest_merge_blame_file/debug/manifest-merger-blame-debug-report.txt
1<?xml version="1.0" encoding="utf-8"?>
2<manifest xmlns:android="http://schemas.android.com/apk/res/android"
3    package="org.nativescript.playvue"
4    android:versionCode="10000"
5    android:versionName="1.0.0" >
6
7    <uses-sdk
7-->src/main/AndroidManifest.xml:5:5-84
8        android:minSdkVersion="21"
8-->src/main/AndroidManifest.xml:5:15-41
9        android:targetSdkVersion="29" />
9-->src/main/AndroidManifest.xml:5:42-81
10
11    <supports-screens
11-->src/main/AndroidManifest.xml:4:5-139
12        android:largeScreens="true"
12-->src/main/AndroidManifest.xml:4:80-107
13        android:normalScreens="true"
13-->src/main/AndroidManifest.xml:4:51-79
14        android:smallScreens="true"
14-->src/main/AndroidManifest.xml:4:23-50
15        android:xlargeScreens="true" />
15-->src/main/AndroidManifest.xml:4:108-136
16
17    <uses-permission android:name="android.permission.INTERNET" />
17-->src/main/AndroidManifest.xml:6:5-67
17-->src/main/AndroidManifest.xml:6:22-64
18    <uses-permission android:name="android.permission.READ_EXTERNAL_STORAGE" />
18-->src/main/AndroidManifest.xml:7:5-80
18-->src/main/AndroidManifest.xml:7:22-77
19    <uses-permission android:name="android.permission.WRITE_EXTERNAL_STORAGE" />
19-->src/main/AndroidManifest.xml:8:5-81
19-->src/main/AndroidManifest.xml:8:22-78
20    <uses-permission android:name="android.permission.ACCESS_NETWORK_STATE" />
20-->[:kinvey_nativescript_sdk:] AndroidManifest.xml:9:5-79
20-->[:kinvey_nativescript_sdk:] AndroidManifest.xml:9:22-76
21    <uses-permission android:name="android.permission.WAKE_LOCK" />
21-->[:uploadservice-release:] AndroidManifest.xml:14:5-68
21-->[:uploadservice-release:] AndroidManifest.xml:14:22-65
22    <uses-permission android:name="android.permission.FOREGROUND_SERVICE" />
22-->[:uploadservice-release:] AndroidManifest.xml:15:5-77
22-->[:uploadservice-release:] AndroidManifest.xml:15:22-74
23    <uses-permission android:name="android.permission.CAMERA" />
23-->[:nativescript_camera:] AndroidManifest.xml:10:5-65
23-->[:nativescript_camera:] AndroidManifest.xml:10:22-62
24    <uses-permission android:name="android.permission.READ_CONTACTS" />
24-->[:nativescript_contacts_lite:] AndroidManifest.xml:9:5-72
24-->[:nativescript_contacts_lite:] AndroidManifest.xml:9:22-69
25    <uses-permission android:name="android.permission.GET_ACCOUNTS" />
25-->[:nativescript_contacts_lite:] AndroidManifest.xml:10:5-71
25-->[:nativescript_contacts_lite:] AndroidManifest.xml:10:22-68
26    <uses-permission android:name="android.permission.ACCESS_FINE_LOCATION" />
26-->[:nativescript_geolocation:] AndroidManifest.xml:9:5-79
26-->[:nativescript_geolocation:] AndroidManifest.xml:9:22-76
27
28    <application
28-->src/main/AndroidManifest.xml:9:5-18:19
29        android:name="com.tns.NativeScriptApplication"
29-->src/main/AndroidManifest.xml:9:18-64
30        android:allowBackup="true"
30-->src/main/AndroidManifest.xml:9:65-91
31        android:appComponentFactory="androidx.core.app.CoreComponentFactory"
31-->[androidx.core:core:1.0.1] AndroidManifest.xml:22:18-86
32        android:debuggable="true"
33        android:icon="@drawable/icon"
33-->src/main/AndroidManifest.xml:9:92-121
34        android:label="@string/app_name"
34-->src/main/AndroidManifest.xml:9:122-154
35        android:theme="@style/AppTheme" >
35-->src/main/AndroidManifest.xml:9:155-186
36        <activity
36-->src/main/AndroidManifest.xml:10:9-16:20
37            android:name="com.tns.NativeScriptActivity"
37-->src/main/AndroidManifest.xml:10:19-62
38            android:configChanges="keyboardHidden|orientation|screenSize"
38-->src/main/AndroidManifest.xml:10:109-170
39            android:label="@string/title_activity_kimera"
39-->src/main/AndroidManifest.xml:10:63-108
40            android:theme="@style/LaunchScreenTheme" >
40-->src/main/AndroidManifest.xml:10:171-211
41            <meta-data
41-->src/main/AndroidManifest.xml:11:13-96
42                android:name="SET_THEME_ON_LAUNCH"
42-->src/main/AndroidManifest.xml:11:24-58
43                android:resource="@style/AppTheme" />
43-->src/main/AndroidManifest.xml:11:59-93
44
45            <intent-filter>
45-->src/main/AndroidManifest.xml:12:13-15:29
46                <action android:name="android.intent.action.MAIN" />
46-->src/main/AndroidManifest.xml:13:17-69
46-->src/main/AndroidManifest.xml:13:25-66
47
48                <category android:name="android.intent.category.LAUNCHER" />
48-->src/main/AndroidManifest.xml:14:17-77
48-->src/main/AndroidManifest.xml:14:27-74
49            </intent-filter>
50        </activity>
51        <activity android:name="com.tns.ErrorReportActivity" />
51-->src/main/AndroidManifest.xml:17:9-64
51-->src/main/AndroidManifest.xml:17:19-61
52        <activity
52-->[com.google.android.gms:play-services-base:11.4.0] AndroidManifest.xml:19:9-172
53            android:name="com.google.android.gms.common.api.GoogleApiActivity"
53-->[com.google.android.gms:play-services-base:11.4.0] AndroidManifest.xml:19:19-85
54            android:exported="false"
54-->[com.google.android.gms:play-services-base:11.4.0] AndroidManifest.xml:19:146-170
55            android:theme="@android:style/Theme.Translucent.NoTitleBar" />
55-->[com.google.android.gms:play-services-base:11.4.0] AndroidManifest.xml:19:86-145
56
57        <meta-data
57-->[com.google.android.gms:play-services-basement:11.4.0] AndroidManifest.xml:20:9-121
58            android:name="com.google.android.gms.version"
58-->[com.google.android.gms:play-services-basement:11.4.0] AndroidManifest.xml:20:20-65
59            android:value="@integer/google_play_services_version" />
59-->[com.google.android.gms:play-services-basement:11.4.0] AndroidManifest.xml:20:66-119
60
61        <service
61-->[:uploadservice-release:] AndroidManifest.xml:18:9-22:19
62            android:name="net.gotev.uploadservice.UploadService"
62-->[:uploadservice-release:] AndroidManifest.xml:19:13-65
63            android:enabled="true"
63-->[:uploadservice-release:] AndroidManifest.xml:20:13-35
64            android:exported="false" >
64-->[:uploadservice-release:] AndroidManifest.xml:21:13-37
65        </service>
66
67        <provider
67-->[:nativescript_camera:] AndroidManifest.xml:13:9-22:20
68            android:name="androidx.core.content.FileProvider"
68-->[:nativescript_camera:] AndroidManifest.xml:14:13-62
69            android:authorities="org.nativescript.playvue.provider"
69-->[:nativescript_camera:] AndroidManifest.xml:15:13-60
70            android:exported="false"
70-->[:nativescript_camera:] AndroidManifest.xml:16:13-37
71            android:grantUriPermissions="true" >
71-->[:nativescript_camera:] AndroidManifest.xml:17:13-47
72            <meta-data
72-->[:nativescript_camera:] AndroidManifest.xml:18:13-21:52
73                android:name="android.support.FILE_PROVIDER_PATHS"
73-->[:nativescript_camera:] AndroidManifest.xml:19:17-67
74                android:resource="@xml/provider_paths" />
74-->[:nativescript_camera:] AndroidManifest.xml:20:17-55
75        </provider>
76    </application>
77
78</manifest>